<?xml version="1.0" encoding="UTF-8"?>
<!-- Generated by org.testng.reporters.JUnitXMLReporter -->
<testsuite ignored="0" hostname="Rishi" failures="2" tests="13" name="Test" time="229.625" errors="0" timestamp="2023-12-10T14:35:38 EST">
  <testcase classname="com.amazon.qa.testcases.HomePageTest" name="LoginPageTitle" time="4.044"/>
  <testcase classname="com.amazon.qa.testcases.HomePageTest" name="SignIn" time="2.903"/>
  <testcase classname="com.amazon.qa.testcases.HomePageTest" name="ValidateNumberOfLinksInHeader" time="3.221">
    <failure type="java.lang.NumberFormatException" message="Cannot parse null string">
      <![CDATA[java.lang.NumberFormatException: Cannot parse null string
at java.base/java.lang.Integer.parseInt(Integer.java:630)
at java.base/java.lang.Integer.valueOf(Integer.java:999)
at com.amazon.qa.testcases.HomePageTest.ValidateNumberOfLinksInHeader(HomePageTest.java:46)
at java.base/java.util.ArrayList.forEach(ArrayList.java:1511)
... Removed 27 stack frames]]>
    </failure>
  </testcase> <!-- ValidateNumberOfLinksInHeader -->
  <testcase classname="com.amazon.qa.testcases.HomePageTest" name="Awsaction" time="8.558"/>
  <testcase classname="com.amazon.qa.testcases.AwsPageTest" name="validateText" time="3.306"/>
  <testcase classname="com.amazon.qa.testcases.AwsPageTest" name="ValidateAwsPageTitle" time="0.014"/>
  <testcase classname="com.amazon.qa.testcases.AwsPageTest" name="ImageValidations" time="3.079"/>
  <testcase classname="com.amazon.qa.testcases.CouponsPageTest" name="Validate_Page_Title" time="0.008"/>
  <testcase classname="com.amazon.qa.testcases.CouponsPageTest" name="Validate_Image" time="0.085"/>
  <testcase classname="com.amazon.qa.testcases.CouponsPageTest" name="Validate_Text1" time="0.043"/>
  <testcase classname="com.amazon.qa.testcases.CouponsPageTest" name="Validate_HeaderSize" time="0.032"/>
  <testcase classname="com.amazon.qa.testcases.CouponsPageTest" name="Validate_Text2" time="13.406"/>
  <testcase classname="com.amazon.qa.testcases.CouponsPageTest" name="Fail_Validate_Image" time="10.385">
    <failure type="org.openqa.selenium.NoSuchElementException" message="Unable to locate element: //div[contains(@class,&amp;apos;acsUxWidget&amp;apos;)]/div/div/div/div/div/div/div/img
For documentation on this error, please visit: https://www.selenium.dev/documentation/webdriver/troubleshooting/errors#no-such-element-exception
Build info: version: &amp;apos;4.10.0&amp;apos;, revision: &amp;apos;c14d967899&amp;apos;
System info: os.name: &amp;apos;Windows 11&amp;apos;, os.arch: &amp;apos;amd64&amp;apos;, os.version: &amp;apos;10.0&amp;apos;, java.version: &amp;apos;17.0.6&amp;apos;
Driver info: org.openqa.selenium.firefox.FirefoxDriver
Command: [5cbf7700-e4b3-4b87-984b-05712cfef225, findElement {using=xpath, value=//div[contains(@class,&amp;apos;acsUxWidget&amp;apos;)]/div/div/div/div/div/div/div/img}]
Capabilities {acceptInsecureCerts: true, browserName: firefox, browserVersion: 120.0.1, moz:accessibilityChecks: false, moz:buildID: 20231129155202, moz:debuggerAddress: 127.0.0.1:30517, moz:geckodriverVersion: 0.33.0, moz:headless: false, moz:platformVersion: 10.0, moz:processID: 20296, moz:profile: C:\Users\trish\AppData\Loca..., moz:shutdownTimeout: 60000, moz:webdriverClick: true, moz:windowless: false, pageLoadStrategy: normal, platformName: windows, proxy: Proxy(), se:cdp: ws://127.0.0.1:30517/devtoo..., se:cdpVersion: 85.0, setWindowRect: true, strictFileInteractability: false, timeouts: {implicit: 0, pageLoad: 300000, script: 30000}, unhandledPromptBehavior: dismiss and notify}
Session ID: 5cbf7700-e4b3-4b87-984b-05712cfef225">
      <![CDATA[org.openqa.selenium.NoSuchElementException: Unable to locate element: //div[contains(@class,'acsUxWidget')]/div/div/div/div/div/div/div/img
For documentation on this error, please visit: https://www.selenium.dev/documentation/webdriver/troubleshooting/errors#no-such-element-exception
Build info: version: '4.10.0', revision: 'c14d967899'
System info: os.name: 'Windows 11', os.arch: 'amd64', os.version: '10.0', java.version: '17.0.6'
Driver info: org.openqa.selenium.firefox.FirefoxDriver
Command: [5cbf7700-e4b3-4b87-984b-05712cfef225, findElement {using=xpath, value=//div[contains(@class,'acsUxWidget')]/div/div/div/div/div/div/div/img}]
Capabilities {acceptInsecureCerts: true, browserName: firefox, browserVersion: 120.0.1, moz:accessibilityChecks: false, moz:buildID: 20231129155202, moz:debuggerAddress: 127.0.0.1:30517, moz:geckodriverVersion: 0.33.0, moz:headless: false, moz:platformVersion: 10.0, moz:processID: 20296, moz:profile: C:\Users\trish\AppData\Loca..., moz:shutdownTimeout: 60000, moz:webdriverClick: true, moz:windowless: false, pageLoadStrategy: normal, platformName: windows, proxy: Proxy(), se:cdp: ws://127.0.0.1:30517/devtoo..., se:cdpVersion: 85.0, setWindowRect: true, strictFileInteractability: false, timeouts: {implicit: 0, pageLoad: 300000, script: 30000}, unhandledPromptBehavior: dismiss and notify}
Session ID: 5cbf7700-e4b3-4b87-984b-05712cfef225
at org.openqa.selenium.remote.codec.w3c.W3CHttpResponseCodec.createException(W3CHttpResponseCodec.java:199)
at org.openqa.selenium.remote.codec.w3c.W3CHttpResponseCodec.decode(W3CHttpResponseCodec.java:132)
at org.openqa.selenium.remote.codec.w3c.W3CHttpResponseCodec.decode(W3CHttpResponseCodec.java:51)
at org.openqa.selenium.remote.HttpCommandExecutor.execute(HttpCommandExecutor.java:191)
at org.openqa.selenium.remote.service.DriverCommandExecutor.invokeExecute(DriverCommandExecutor.java:196)
at org.openqa.selenium.remote.service.DriverCommandExecutor.execute(DriverCommandExecutor.java:171)
at org.openqa.selenium.remote.RemoteWebDriver.execute(RemoteWebDriver.java:531)
at org.openqa.selenium.remote.ElementLocation$ElementFinder$2.findElement(ElementLocation.java:165)
at org.openqa.selenium.remote.ElementLocation.findElement(ElementLocation.java:59)
at org.openqa.selenium.remote.RemoteWebDriver.findElement(RemoteWebDriver.java:350)
at org.openqa.selenium.remote.RemoteWebDriver.findElement(RemoteWebDriver.java:344)
at org.openqa.selenium.support.events.EventFiringWebDriver.lambda$new$1(EventFiringWebDriver.java:107)
at jdk.proxy2/jdk.proxy2.$Proxy14.findElement(Unknown Source)
at org.openqa.selenium.support.events.EventFiringWebDriver.findElement(EventFiringWebDriver.java:194)
at org.openqa.selenium.support.pagefactory.DefaultElementLocator.findElement(DefaultElementLocator.java:68)
at org.openqa.selenium.support.pagefactory.internal.LocatingElementHandler.invoke(LocatingElementHandler.java:38)
at jdk.proxy2/jdk.proxy2.$Proxy18.isDisplayed(Unknown Source)
at com.amazon.qa.pages.CouponsPage.FailImageDisplayMethod(CouponsPage.java:47)
at com.amazon.qa.testcases.CouponsPageTest.Fail_Validate_Image(CouponsPageTest.java:59)
at java.base/java.util.ArrayList.forEach(ArrayList.java:1511)
... Removed 35 stack frames]]>
    </failure>
  </testcase> <!-- Fail_Validate_Image -->
</testsuite> <!-- Test -->
