<!DOCTYPE html PUBLIC "-//W3C//DTD XHTML 1.1//EN" "https://www.w3.org/TR/xhtml11/DTD/xhtml11.dtd">
<html xmlns="https://www.w3.org/1999/xhtml">
<head>
<meta http-equiv="content-type" content="text/html; charset=UTF-8"/>
<title>TestNG Report</title>
<style type="text/css">table {margin-bottom:10px;border-collapse:collapse;empty-cells:show}th,td {border:1px solid #009;padding:.25em .5em}th {vertical-align:bottom}td {vertical-align:top}table a {font-weight:bold}.stripe td {background-color: #E6EBF9}.num {text-align:right}.passedodd td {background-color: #3F3}.passedeven td {background-color: #0A0}.skippedodd td {background-color: #DDD}.skippedeven td {background-color: #CCC}.failedodd td,.attn {background-color: #F33}.failedeven td,.stripe .attn {background-color: #D00}.stacktrace {white-space:pre;font-family:monospace}.totop {font-size:85%;text-align:center;border-bottom:2px solid #000}.invisible {display:none}</style>
</head>
<body>
<table>
<tr><th>Test</th><th># Passed</th><th># Skipped</th><th># Retried</th><th># Failed</th><th>Time (ms)</th><th>Included Groups</th><th>Excluded Groups</th></tr>
<tr><th colspan="8">Suite</th></tr>
<tr><td><a href="#t0">Test</a></td><td class="num">11</td><td class="num">0</td><td class="num">0</td><td class="num attn">2</td><td class="num">232,437</td><td></td><td></td></tr>
</table>
<table id='summary'><thead><tr><th>Class</th><th>Method</th><th>Start</th><th>Time (ms)</th></tr></thead><tbody><tr><th colspan="4">Suite</th></tr></tbody><tbody id="t0"><tr><th colspan="4">Test &#8212; failed</th></tr><tr class="failedeven"><td rowspan="1">com.amazon.qa.testcases.CouponsPageTest</td><td><a href="#m0">Fail_Validate_Image</a></td><td rowspan="1">1702233836489</td><td rowspan="1">10419</td></tr><tr class="failedodd"><td rowspan="1">com.amazon.qa.testcases.HomePageTest</td><td><a href="#m1">ValidateNumberOfLinksInHeader</a></td><td rowspan="1">1702233657579</td><td rowspan="1">3074</td></tr><tr><th colspan="4">Test &#8212; passed</th></tr><tr class="passedeven"><td rowspan="3">com.amazon.qa.testcases.AwsPageTest</td><td><a href="#m2">ImageValidations</a></td><td rowspan="1">1702233727441</td><td rowspan="1">3112</td></tr><tr class="passedeven"><td><a href="#m3">ValidateAwsPageTitle</a></td><td rowspan="1">1702233712377</td><td rowspan="1">9</td></tr><tr class="passedeven"><td><a href="#m4">validateText</a></td><td rowspan="1">1702233693173</td><td rowspan="1">3109</td></tr><tr class="passedodd"><td rowspan="5">com.amazon.qa.testcases.CouponsPageTest</td><td><a href="#m5">Validate_HeaderSize</a></td><td rowspan="1">1702233792422</td><td rowspan="1">30</td></tr><tr class="passedodd"><td><a href="#m6">Validate_Image</a></td><td rowspan="1">1702233762502</td><td rowspan="1">78</td></tr><tr class="passedodd"><td><a href="#m7">Validate_Page_Title</a></td><td rowspan="1">1702233748476</td><td rowspan="1">12</td></tr><tr class="passedodd"><td><a href="#m8">Validate_Text1</a></td><td rowspan="1">1702233776192</td><td rowspan="1">156</td></tr><tr class="passedodd"><td><a href="#m9">Validate_Text2</a></td><td rowspan="1">1702233808089</td><td rowspan="1">13995</td></tr><tr class="passedeven"><td rowspan="3">com.amazon.qa.testcases.HomePageTest</td><td><a href="#m10">Awsaction</a></td><td rowspan="1">1702233672146</td><td rowspan="1">7504</td></tr><tr class="passedeven"><td><a href="#m11">LoginPageTitle</a></td><td rowspan="1">1702233627372</td><td rowspan="1">4079</td></tr><tr class="passedeven"><td><a href="#m12">SignIn</a></td><td rowspan="1">1702233642480</td><td rowspan="1">2906</td></tr></tbody>
</table>
<h2>Test</h2><h3 id="m0">com.amazon.qa.testcases.CouponsPageTest#Fail_Validate_Image</h3><table class="result"><tr><th>Exception</th></tr><tr><td><div class="stacktrace">org.openqa.selenium.NoSuchElementException: Unable to locate element: //div[contains(@class,&apos;acsUxWidget&apos;)]/div/div/div/div/div/div/div/img
For documentation on this error, please visit: https://www.selenium.dev/documentation/webdriver/troubleshooting/errors#no-such-element-exception
Build info: version: &apos;4.10.0&apos;, revision: &apos;c14d967899&apos;
System info: os.name: &apos;Windows 11&apos;, os.arch: &apos;amd64&apos;, os.version: &apos;10.0&apos;, java.version: &apos;17.0.6&apos;
Driver info: org.openqa.selenium.firefox.FirefoxDriver
Command: [aa34a57f-c75d-4ec7-8fd4-f63285734eb5, findElement {using=xpath, value=//div[contains(@class,&apos;acsUxWidget&apos;)]/div/div/div/div/div/div/div/img}]
Capabilities {acceptInsecureCerts: true, browserName: firefox, browserVersion: 120.0.1, moz:accessibilityChecks: false, moz:buildID: 20231129155202, moz:debuggerAddress: 127.0.0.1:23081, moz:geckodriverVersion: 0.33.0, moz:headless: false, moz:platformVersion: 10.0, moz:processID: 14404, moz:profile: C:\Users\trish\AppData\Loca..., moz:shutdownTimeout: 60000, moz:webdriverClick: true, moz:windowless: false, pageLoadStrategy: normal, platformName: windows, proxy: Proxy(), se:cdp: ws://127.0.0.1:23081/devtoo..., se:cdpVersion: 85.0, setWindowRect: true, strictFileInteractability: false, timeouts: {implicit: 0, pageLoad: 300000, script: 30000}, unhandledPromptBehavior: dismiss and notify}
Session ID: aa34a57f-c75d-4ec7-8fd4-f63285734eb5
	at org.openqa.selenium.remote.codec.w3c.W3CHttpResponseCodec.createException(W3CHttpResponseCodec.java:199)
	at org.openqa.selenium.remote.codec.w3c.W3CHttpResponseCodec.decode(W3CHttpResponseCodec.java:132)
	at org.openqa.selenium.remote.codec.w3c.W3CHttpResponseCodec.decode(W3CHttpResponseCodec.java:51)
	at org.openqa.selenium.remote.HttpCommandExecutor.execute(HttpCommandExecutor.java:191)
	at org.openqa.selenium.remote.service.DriverCommandExecutor.invokeExecute(DriverCommandExecutor.java:196)
	at org.openqa.selenium.remote.service.DriverCommandExecutor.execute(DriverCommandExecutor.java:171)
	at org.openqa.selenium.remote.RemoteWebDriver.execute(RemoteWebDriver.java:531)
	at org.openqa.selenium.remote.ElementLocation$ElementFinder$2.findElement(ElementLocation.java:165)
	at org.openqa.selenium.remote.ElementLocation.findElement(ElementLocation.java:59)
	at org.openqa.selenium.remote.RemoteWebDriver.findElement(RemoteWebDriver.java:350)
	at org.openqa.selenium.remote.RemoteWebDriver.findElement(RemoteWebDriver.java:344)
	at org.openqa.selenium.support.events.EventFiringWebDriver.lambda$new$1(EventFiringWebDriver.java:107)
	at jdk.proxy2/jdk.proxy2.$Proxy14.findElement(Unknown Source)
	at org.openqa.selenium.support.events.EventFiringWebDriver.findElement(EventFiringWebDriver.java:194)
	at org.openqa.selenium.support.pagefactory.DefaultElementLocator.findElement(DefaultElementLocator.java:68)
	at org.openqa.selenium.support.pagefactory.internal.LocatingElementHandler.invoke(LocatingElementHandler.java:38)
	at jdk.proxy2/jdk.proxy2.$Proxy18.isDisplayed(Unknown Source)
	at com.amazon.qa.pages.CouponsPage.FailImageDisplayMethod(CouponsPage.java:47)
	at com.amazon.qa.testcases.CouponsPageTest.Fail_Validate_Image(CouponsPageTest.java:59)
	at java.base/java.util.ArrayList.forEach(ArrayList.java:1511)
... Removed 35 stack frames</div></td></tr></table><p class="totop"><a href="#summary">back to summary</a></p>
<h3 id="m1">com.amazon.qa.testcases.HomePageTest#ValidateNumberOfLinksInHeader</h3><table class="result"><tr><th>Exception</th></tr><tr><td><div class="stacktrace">java.lang.NumberFormatException: Cannot parse null string
	at java.base/java.lang.Integer.parseInt(Integer.java:630)
	at java.base/java.lang.Integer.valueOf(Integer.java:999)
	at com.amazon.qa.testcases.HomePageTest.ValidateNumberOfLinksInHeader(HomePageTest.java:46)
	at java.base/java.util.ArrayList.forEach(ArrayList.java:1511)
... Removed 27 stack frames</div></td></tr></table><p class="totop"><a href="#summary">back to summary</a></p>
<h3 id="m2">com.amazon.qa.testcases.AwsPageTest#ImageValidations</h3><table class="result"><tr><th class="invisible"/></tr></table><p class="totop"><a href="#summary">back to summary</a></p>
<h3 id="m3">com.amazon.qa.testcases.AwsPageTest#ValidateAwsPageTitle</h3><table class="result"><tr><th class="invisible"/></tr></table><p class="totop"><a href="#summary">back to summary</a></p>
<h3 id="m4">com.amazon.qa.testcases.AwsPageTest#validateText</h3><table class="result"><tr><th class="invisible"/></tr></table><p class="totop"><a href="#summary">back to summary</a></p>
<h3 id="m5">com.amazon.qa.testcases.CouponsPageTest#Validate_HeaderSize</h3><table class="result"><tr><th class="invisible"/></tr></table><p class="totop"><a href="#summary">back to summary</a></p>
<h3 id="m6">com.amazon.qa.testcases.CouponsPageTest#Validate_Image</h3><table class="result"><tr><th class="invisible"/></tr></table><p class="totop"><a href="#summary">back to summary</a></p>
<h3 id="m7">com.amazon.qa.testcases.CouponsPageTest#Validate_Page_Title</h3><table class="result"><tr><th class="invisible"/></tr></table><p class="totop"><a href="#summary">back to summary</a></p>
<h3 id="m8">com.amazon.qa.testcases.CouponsPageTest#Validate_Text1</h3><table class="result"><tr><th class="invisible"/></tr></table><p class="totop"><a href="#summary">back to summary</a></p>
<h3 id="m9">com.amazon.qa.testcases.CouponsPageTest#Validate_Text2</h3><table class="result"><tr><th class="invisible"/></tr></table><p class="totop"><a href="#summary">back to summary</a></p>
<h3 id="m10">com.amazon.qa.testcases.HomePageTest#Awsaction</h3><table class="result"><tr><th class="invisible"/></tr></table><p class="totop"><a href="#summary">back to summary</a></p>
<h3 id="m11">com.amazon.qa.testcases.HomePageTest#LoginPageTitle</h3><table class="result"><tr><th class="invisible"/></tr></table><p class="totop"><a href="#summary">back to summary</a></p>
<h3 id="m12">com.amazon.qa.testcases.HomePageTest#SignIn</h3><table class="result"><tr><th class="invisible"/></tr></table><p class="totop"><a href="#summary">back to summary</a></p>
</body>
</html>
